#
# There is insufficient memory for the Java Runtime Environment to continue.
# Native memory allocation (malloc) failed to allocate 36768 bytes for Chunk::new
# Possible reasons:
#   The system is out of physical RAM or swap space
#   In 32 bit mode, the process size limit was hit
# Possible solutions:
#   Reduce memory load on the system
#   Increase physical memory or swap space
#   Check if swap backing store is full
#   Use 64 bit Java on a 64 bit OS
#   Decrease Java heap size (-Xmx/-Xms)
#   Decrease number of Java threads
#   Decrease Java thread stack sizes (-Xss)
#   Set larger code cache with -XX:ReservedCodeCacheSize=
# This output file may be truncated or incomplete.
#
#  Out of Memory Error (allocation.cpp:388), pid=8652, tid=3308
#
# JRE version: Java(TM) SE Runtime Environment (8.0_11-b12) (build 1.8.0_11-b12)
# Java VM: Java HotSpot(TM) 64-Bit Server VM (25.11-b03 mixed mode windows-amd64 compressed oops)
# Failed to write core dump. Minidumps are not enabled by default on client versions of Windows
#

---------------  T H R E A D  ---------------

Current thread (0x00000000022e0800):  JavaThread "main" [_thread_in_native, id=3308, stack(0x00000000021e0000,0x00000000022e0000)]

Stack: [0x00000000021e0000,0x00000000022e0000]
[error occurred during error reporting (printing stack bounds), id 0xc0000005]

Native frames: (J=compiled Java code, j=interpreted, Vv=VM code, C=native code)
V  [jvm.dll+0x308eca]
V  [jvm.dll+0x25e121]
V  [jvm.dll+0x25ed33]
V  [jvm.dll+0x277366]
V  [jvm.dll+0x27aea3]
V  [jvm.dll+0x308d58]
C  [ntdll.dll+0xa992d]
C  [ntdll.dll+0x486d3]
C  [ntdll.dll+0xa8a4a]
V  [jvm.dll+0x1fdfe1]

Java frames: (J=compiled Java code, j=interpreted, Vv=VM code)
j  java.lang.String.replace(Ljava/lang/CharSequence;Ljava/lang/CharSequence;)Ljava/lang/String;+8
j  com.android.dx.cf.direct.ClassPathOpener.compareClassNames(Ljava/lang/String;Ljava/lang/String;)I+23
j  com.android.dx.cf.direct.ClassPathOpener.access$000(Ljava/lang/String;Ljava/lang/String;)I+2
j  com.android.dx.cf.direct.ClassPathOpener$3.compare(Ljava/util/zip/ZipEntry;Ljava/util/zip/ZipEntry;)I+8
j  com.android.dx.cf.direct.ClassPathOpener$3.compare(Ljava/lang/Object;Ljava/lang/Object;)I+9
j  java.util.TimSort.countRunAndMakeAscending([Ljava/lang/Object;IILjava/util/Comparator;)I+43
j  java.util.TimSort.sort([Ljava/lang/Object;IILjava/util/Comparator;[Ljava/lang/Object;II)V+105
j  java.util.Arrays.sort([Ljava/lang/Object;Ljava/util/Comparator;)V+30
j  java.util.Collections.sort(Ljava/util/List;Ljava/util/Comparator;)V+9
j  com.android.dx.cf.direct.ClassPathOpener.processArchive(Ljava/io/File;)Z+33
j  com.android.dx.cf.direct.ClassPathOpener.processOne(Ljava/io/File;Z)Z+48
j  com.android.dx.cf.direct.ClassPathOpener.process()Z+15
j  com.android.dx.command.dexer.Main.processOne(Ljava/lang/String;Lcom/android/dx/cf/direct/ClassPathOpener$FileNameFilter;)V+20
j  com.android.dx.command.dexer.Main.processAllFiles()Z+272
j  com.android.dx.command.dexer.Main.runMultiDex()I+66
j  com.android.dx.command.dexer.Main.run(Lcom/android/dx/command/dexer/Main$Arguments;)I+66
j  com.android.dx.command.dexer.Main.main([Ljava/lang/String;)V+14
j  com.android.dx.command.Main.main([Ljava/lang/String;)V+61
v  ~StubRoutines::call_stub

---------------  P R O C E S S  ---------------

Java Threads: ( => current thread )
  0x0000000014b2b800 JavaThread "Service Thread" daemon [_thread_blocked, id=8996, stack(0x0000000016330000,0x0000000016430000)]
  0x0000000014b24000 JavaThread "C1 CompilerThread2" daemon [_thread_blocked, id=8932, stack(0x0000000016230000,0x0000000016330000)]
  0x0000000014b21800 JavaThread "C2 CompilerThread1" daemon [_thread_blocked, id=8944, stack(0x0000000016130000,0x0000000016230000)]
  0x0000000014acd000 JavaThread "C2 CompilerThread0" daemon [_thread_blocked, id=9112, stack(0x0000000016030000,0x0000000016130000)]
  0x0000000014acb800 JavaThread "Attach Listener" daemon [_thread_blocked, id=7832, stack(0x0000000015f30000,0x0000000016030000)]
  0x0000000014aca800 JavaThread "Signal Dispatcher" daemon [_thread_blocked, id=4824, stack(0x0000000015e30000,0x0000000015f30000)]
  0x00000000023d0000 JavaThread "Finalizer" daemon [_thread_blocked, id=7040, stack(0x0000000015d30000,0x0000000015e30000)]
  0x00000000023c9800 JavaThread "Reference Handler" daemon [_thread_blocked, id=904, stack(0x0000000015c30000,0x0000000015d30000)]
=>0x00000000022e0800 JavaThread "main" [_thread_in_native, id=3308, stack(0x00000000021e0000,0x00000000022e0000)]

Other Threads:
  0x0000000014a95800 VMThread [stack: 0x0000000015b30000,0x0000000015c30000] [id=7292]
  0x0000000014b2e000 WatcherThread [stack: 0x0000000016430000,0x0000000016530000] [id=8460]

VM state:not at safepoint (normal execution)

VM Mutex/Monitor currently owned by a thread: None

Heap:
 PSYoungGen      total 1536K, used 1097K [0x00000000eab00000, 0x00000000ead00000, 0x0000000100000000)
  eden space 1024K, 60% used [0x00000000eab00000,0x00000000eab9a4e0,0x00000000eac00000)
  from space 512K, 93% used [0x00000000eac80000,0x00000000eacf8020,0x00000000ead00000)
  to   space 512K, 0% used [0x00000000eac00000,0x00000000eac00000,0x00000000eac80000)
 ParOldGen       total 64000K, used 94K [0x00000000c0000000, 0x00000000c3e80000, 0x00000000eab00000)
  object space 64000K, 0% used [0x00000000c0000000,0x00000000c0017948,0x00000000c3e80000)
 Metaspace       used 3330K, capacity 4720K, committed 4864K, reserved 1056768K
  class space    used 371K, capacity 424K, committed 512K, reserved 1048576K

Card table byte_map: [0x00000000117a0000,0x00000000119b0000] byte_map_base: 0x00000000111a0000

Marking Bits: (ParMarkBitMap*) 0x00000000549c12b0
 Begin Bits: [0x0000000011f10000, 0x0000000012f10000)
 End Bits:   [0x0000000012f10000, 0x0000000013f10000)

Polling page: 0x0000000002190000

CodeCache: size=245760Kb used=1246Kb max_used=1246Kb free=244513Kb
 bounds [0x00000000023e0000, 0x0000000002650000, 0x00000000113e0000]
 total_blobs=345 nmethods=99 adapters=160
 compilation: enabled

Compilation events (10 events):
Event: 3.789 Thread 0x0000000014b24000   95       1       sun.util.calendar.CalendarDate::getHours (5 bytes)
Event: 3.789 Thread 0x0000000014b24000 nmethod 95 0x00000000025169d0 code [0x0000000002516b20, 0x0000000002516c30]
Event: 3.789 Thread 0x0000000014b24000   96       1       sun.util.calendar.CalendarDate::getMinutes (5 bytes)
Event: 3.789 Thread 0x0000000014b24000 nmethod 96 0x0000000002516c90 code [0x0000000002516de0, 0x0000000002516ef0]
Event: 3.789 Thread 0x0000000014b24000   97       1       sun.util.calendar.CalendarDate::getSeconds (5 bytes)
Event: 3.789 Thread 0x0000000014b24000 nmethod 97 0x0000000002516f50 code [0x00000000025170a0, 0x00000000025171b0]
Event: 3.789 Thread 0x0000000014b24000   98       1       sun.util.calendar.CalendarDate::getMillis (5 bytes)
Event: 3.789 Thread 0x0000000014b24000 nmethod 98 0x0000000002517210 code [0x0000000002517360, 0x0000000002517470]
Event: 3.790 Thread 0x0000000014b24000   99       3       sun.util.calendar.CalendarDate::setNormalized (6 bytes)
Event: 3.790 Thread 0x0000000014b24000 nmethod 99 0x00000000025174d0 code [0x0000000002517620, 0x0000000002517770]

GC Heap History (4 events):
Event: 2.969 GC heap before
{Heap before GC invocations=1 (full 0):
 PSYoungGen      total 1024K, used 512K [0x00000000eab00000, 0x00000000eac80000, 0x0000000100000000)
  eden space 512K, 100% used [0x00000000eab00000,0x00000000eab80000,0x00000000eab80000)
  from space 512K, 0% used [0x00000000eac00000,0x00000000eac00000,0x00000000eac80000)
  to   space 512K, 0% used [0x00000000eab80000,0x00000000eab80000,0x00000000eac00000)
 ParOldGen       total 64000K, used 0K [0x00000000c0000000, 0x00000000c3e80000, 0x00000000eab00000)
  object space 64000K, 0% used [0x00000000c0000000,0x00000000c0000000,0x00000000c3e80000)
 Metaspace       used 2508K, capacity 4480K, committed 4480K, reserved 1056768K
  class space    used 272K, capacity 384K, committed 384K, reserved 1048576K
Event: 3.365 GC heap after
Heap after GC invocations=1 (full 0):
 PSYoungGen      total 1024K, used 432K [0x00000000eab00000, 0x00000000ead00000, 0x0000000100000000)
  eden space 512K, 0% used [0x00000000eab00000,0x00000000eab00000,0x00000000eab80000)
  from space 512K, 84% used [0x00000000eab80000,0x00000000eabec010,0x00000000eac00000)
  to   space 512K, 0% used [0x00000000eac80000,0x00000000eac80000,0x00000000ead00000)
 ParOldGen       total 64000K, used 0K [0x00000000c0000000, 0x00000000c3e80000, 0x00000000eab00000)
  object space 64000K, 0% used [0x00000000c0000000,0x00000000c0000000,0x00000000c3e80000)
 Metaspace       used 2508K, capacity 4480K, committed 4480K, reserved 1056768K
  class space    used 272K, capacity 384K, committed 384K, reserved 1048576K
}
Event: 3.448 GC heap before
{Heap before GC invocations=2 (full 0):
 PSYoungGen      total 1024K, used 944K [0x00000000eab00000, 0x00000000ead00000, 0x0000000100000000)
  eden space 512K, 100% used [0x00000000eab00000,0x00000000eab80000,0x00000000eab80000)
  from space 512K, 84% used [0x00000000eab80000,0x00000000eabec010,0x00000000eac00000)
  to   space 512K, 0% used [0x00000000eac80000,0x00000000eac80000,0x00000000ead00000)
 ParOldGen       total 64000K, used 0K [0x00000000c0000000, 0x00000000c3e80000, 0x00000000eab00000)
  object space 64000K, 0% used [0x00000000c0000000,0x00000000c0000000,0x00000000c3e80000)
 Metaspace       used 2935K, capacity 4624K, committed 4864K, reserved 1056768K
  class space    used 320K, capacity 392K, committed 512K, reserved 1048576K
Event: 3.638 GC heap after
Heap after GC invocations=2 (full 0):
 PSYoungGen      total 1536K, used 480K [0x00000000eab00000, 0x00000000ead00000, 0x0000000100000000)
  eden space 1024K, 0% used [0x00000000eab00000,0x00000000eab00000,0x00000000eac00000)
  from space 512K, 93% used [0x00000000eac80000,0x00000000eacf8020,0x00000000ead00000)
  to   space 512K, 0% used [0x00000000eac00000,0x00000000eac00000,0x00000000eac80000)
 ParOldGen       total 64000K, used 94K [0x00000000c0000000, 0x00000000c3e80000, 0x00000000eab00000)
  object space 64000K, 0% used [0x00000000c0000000,0x00000000c0017948,0x00000000c3e80000)
 Metaspace       used 2935K, capacity 4624K, committed 4864K, reserved 1056768K
  class space    used 320K, capacity 392K, committed 512K, reserved 1048576K
}

Deoptimization events (0 events):
No events

Internal exceptions (10 events):
Event: 3.669 Thread 0x00000000022e0800 Exception <a 'java/security/PrivilegedActionException'> (0x00000000eab68140) thrown at [C:\re\workspace\8-2-build-windows-amd64-cygwin\jdk8u11\648\hotspot\src\share\vm\prims\jvm.cpp, line 1248]
Event: 3.670 Thread 0x00000000022e0800 Exception <a 'java/security/PrivilegedActionException'> (0x00000000eab6a520) thrown at [C:\re\workspace\8-2-build-windows-amd64-cygwin\jdk8u11\648\hotspot\src\share\vm\prims\jvm.cpp, line 1248]
Event: 3.690 Thread 0x00000000022e0800 Exception <a 'java/security/PrivilegedActionException'> (0x00000000eab6f370) thrown at [C:\re\workspace\8-2-build-windows-amd64-cygwin\jdk8u11\648\hotspot\src\share\vm\prims\jvm.cpp, line 1248]
Event: 3.719 Thread 0x00000000022e0800 Exception <a 'java/security/PrivilegedActionException'> (0x00000000eab73b68) thrown at [C:\re\workspace\8-2-build-windows-amd64-cygwin\jdk8u11\648\hotspot\src\share\vm\prims\jvm.cpp, line 1248]
Event: 3.764 Thread 0x00000000022e0800 Exception <a 'java/security/PrivilegedActionException'> (0x00000000eab78a68) thrown at [C:\re\workspace\8-2-build-windows-amd64-cygwin\jdk8u11\648\hotspot\src\share\vm\prims\jvm.cpp, line 1248]
Event: 3.766 Thread 0x00000000022e0800 Exception <a 'java/security/PrivilegedActionException'> (0x00000000eab7d418) thrown at [C:\re\workspace\8-2-build-windows-amd64-cygwin\jdk8u11\648\hotspot\src\share\vm\prims\jvm.cpp, line 1248]
Event: 3.773 Thread 0x00000000022e0800 Exception <a 'java/security/PrivilegedActionException'> (0x00000000eab84e38) thrown at [C:\re\workspace\8-2-build-windows-amd64-cygwin\jdk8u11\648\hotspot\src\share\vm\prims\jvm.cpp, line 1248]
Event: 3.774 Thread 0x00000000022e0800 Exception <a 'java/security/PrivilegedActionException'> (0x00000000eab8a9f8) thrown at [C:\re\workspace\8-2-build-windows-amd64-cygwin\jdk8u11\648\hotspot\src\share\vm\prims\jvm.cpp, line 1248]
Event: 3.775 Thread 0x00000000022e0800 Exception <a 'java/security/PrivilegedActionException'> (0x00000000eab8cf48) thrown at [C:\re\workspace\8-2-build-windows-amd64-cygwin\jdk8u11\648\hotspot\src\share\vm\prims\jvm.cpp, line 1248]
Event: 3.790 Thread 0x00000000022e0800 Exception <a 'java/security/PrivilegedActionException'> (0x00000000eab958c0) thrown at [C:\re\workspace\8-2-build-windows-amd64-cygwin\jdk8u11\648\hotspot\src\share\vm\prims\jvm.cpp, line 1248]

Events (10 events):
Event: 3.774 loading class com/android/dx/cf/direct/ClassPathOpener$1 done
Event: 3.775 loading class com/android/dx/command/dexer/Main$FileBytesConsumer
Event: 3.775 loading class com/android/dx/command/dexer/Main$FileBytesConsumer done
Event: 3.777 loading class java/util/zip/ZipFile$ZipEntryIterator
Event: 3.777 loading class java/util/zip/ZipFile$ZipEntryIterator done
Event: 3.790 loading class com/android/dx/cf/direct/ClassPathOpener$3
Event: 3.790 loading class com/android/dx/cf/direct/ClassPathOpener$3 done
Event: 3.790 loading class java/util/TimSort
Event: 3.791 loading class java/util/TimSort done
Event: 3.791 loading class java/util/regex/Pattern


Dynamic libraries:
0x00007ff68b850000 - 0x00007ff68b884000 	C:\Program Files\Java\jdk1.8.0_11\bin\java.exe
0x00007ffd044c0000 - 0x00007ffd04691000 	C:\WINDOWS\SYSTEM32\ntdll.dll
0x00007ffd01a60000 - 0x00007ffd01b0b000 	C:\WINDOWS\System32\KERNEL32.DLL
0x00007ffd01220000 - 0x00007ffd0143d000 	C:\WINDOWS\System32\KERNELBASE.dll
0x00007ffd04410000 - 0x00007ffd044b2000 	C:\WINDOWS\System32\ADVAPI32.dll
0x00007ffd027f0000 - 0x00007ffd0288e000 	C:\WINDOWS\System32\msvcrt.dll
0x00007ffd041b0000 - 0x00007ffd04209000 	C:\WINDOWS\System32\sechost.dll
0x00007ffd042e0000 - 0x00007ffd04401000 	C:\WINDOWS\System32\RPCRT4.dll
0x00007ffd04040000 - 0x00007ffd041a5000 	C:\WINDOWS\System32\USER32.dll
0x00007ffd014f0000 - 0x00007ffd0150e000 	C:\WINDOWS\System32\win32u.dll
0x00007ffd022c0000 - 0x00007ffd022f4000 	C:\WINDOWS\System32\GDI32.dll
0x00007ffd01090000 - 0x00007ffd01212000 	C:\WINDOWS\System32\gdi32full.dll
0x00007ffcf7400000 - 0x00007ffcf7679000 	C:\WINDOWS\WinSxS\amd64_microsoft.windows.common-controls_6595b64144ccf1df_6.0.14393.447_none_42191651c6827bb3\COMCTL32.dll
0x00007ffd01bc0000 - 0x00007ffd01e87000 	C:\WINDOWS\System32\combase.dll
0x00007ffd01630000 - 0x00007ffd01725000 	C:\WINDOWS\System32\ucrtbase.dll
0x00007ffd015c0000 - 0x00007ffd0162a000 	C:\WINDOWS\System32\bcryptPrimitives.dll
0x00007ffd027c0000 - 0x00007ffd027ee000 	C:\WINDOWS\System32\IMM32.DLL
0x0000000053af0000 - 0x0000000053bc2000 	C:\Program Files\Java\jdk1.8.0_11\jre\bin\msvcr100.dll
0x0000000054210000 - 0x0000000054a3a000 	C:\Program Files\Java\jdk1.8.0_11\jre\bin\server\jvm.dll
0x00007ffd01bb0000 - 0x00007ffd01bb8000 	C:\WINDOWS\System32\PSAPI.DLL
0x00007ffcf1e40000 - 0x00007ffcf1e49000 	C:\WINDOWS\SYSTEM32\WSOCK32.dll
0x00007ffd023c0000 - 0x00007ffd0242a000 	C:\WINDOWS\System32\WS2_32.dll
0x00007ffcfecd0000 - 0x00007ffcfecf3000 	C:\WINDOWS\SYSTEM32\WINMM.dll
0x00007ffcfec70000 - 0x00007ffcfec9b000 	C:\WINDOWS\SYSTEM32\WINMMBASE.dll
0x00007ffd017d0000 - 0x00007ffd01812000 	C:\WINDOWS\System32\cfgmgr32.dll
0x0000000054f50000 - 0x0000000054f5f000 	C:\Program Files\Java\jdk1.8.0_11\jre\bin\verify.dll
0x0000000054100000 - 0x0000000054128000 	C:\Program Files\Java\jdk1.8.0_11\jre\bin\java.dll
0x00000000540e0000 - 0x00000000540f6000 	C:\Program Files\Java\jdk1.8.0_11\jre\bin\zip.dll
0x00007ffd02890000 - 0x00007ffd03d99000 	C:\WINDOWS\System32\SHELL32.dll
0x00007ffd009b0000 - 0x00007ffd0108a000 	C:\WINDOWS\System32\windows.storage.dll
0x00007ffd00950000 - 0x00007ffd0099c000 	C:\WINDOWS\System32\powrprof.dll
0x00007ffd02300000 - 0x00007ffd02352000 	C:\WINDOWS\System32\shlwapi.dll
0x00007ffd00920000 - 0x00007ffd0092f000 	C:\WINDOWS\System32\kernel.appcore.dll
0x00007ffd01440000 - 0x00007ffd014e9000 	C:\WINDOWS\System32\shcore.dll
0x00007ffd00930000 - 0x00007ffd00944000 	C:\WINDOWS\System32\profapi.dll
0x00007ffcf3530000 - 0x00007ffcf36c2000 	C:\WINDOWS\SYSTEM32\dbghelp.dll

VM Arguments:
jvm_args: -Djava.awt.headless=true -Xmx1024M -Dfile.encoding=windows-1252 -Duser.country=US -Duser.language=en -Duser.variant 
java_command: com.android.dx.command.Main --dex --force-jumbo --num-threads=4 --multi-dex --output C:\Users\Rido\Downloads\Compressed\FirebaseAuth\app\build\intermediates\transforms\dex\debug\folders\1000\10\com.google.android.gms-play-services-tasks-9.0.2_4daa80a5c26e669b550823810be438be914d3ecf C:\Users\Rido\Downloads\Compressed\FirebaseAuth\app\build\intermediates\exploded-aar\com.google.android.gms\play-services-tasks\9.0.2\jars\classes.jar
java_class_path (initial): C:\Users\Rido\AppData\Local\Android\sdk\build-tools\23.0.3\lib\dx.jar
Launcher Type: SUN_STANDARD

Environment Variables:
PATH=C:\WINDOWS\system32;C:\WINDOWS;C:\WINDOWS\System32\Wbem;C:\WINDOWS\System32\WindowsPowerShell\v1.0\;C:\Program Files\Java\jdk1.8.0_11\bin;C:\xampp\php;C:\Program Files (x86)\Microsoft SQL Server\100\Tools\Binn\;C:\Program Files\Microsoft SQL Server\100\Tools\Binn\;C:\Program Files\Microsoft SQL Server\100\DTS\Binn\;C:\Program Files (x86)\Microsoft SQL Server\100\Tools\Binn\VSShell\Common7\IDE\;C:\Program Files (x86)\Microsoft SQL Server\100\DTS\Binn\;C:\OpenSSL-Win64\bin\openssl.cfg;C:\Program Files (x86)\GNU\GnuPG\pub;C:\Program Files\Git\cmd;C:\WINDOWS\system32;C:\WINDOWS;C:\WINDOWS\System32\Wbem;C:\WINDOWS\System32\WindowsPowerShell\v1.0\;C:\Program Files\Java\jdk1.8.0_11\bin;C:\Users\Rido\AppData\Local\Microsoft\WindowsApps;
USERNAME=1312100999
OS=Windows_NT
PROCESSOR_IDENTIFIER=Intel64 Family 6 Model 58 Stepping 9, GenuineIntel



---------------  S Y S T E M  ---------------

OS: Windows 8.1 , 64 bit Build 9600 

CPU:total 4 (2 cores per cpu, 2 threads per core) family 6 model 58 stepping 9, cmov, cx8, fxsr, mmx, sse, sse2, sse3, ssse3, sse4.1, sse4.2, popcnt, avx, clmul, erms, ht, tsc, tscinvbit

Memory: 4k page, physical 4089620k(394896k free), swap 5531412k(14060k free)

vm_info: Java HotSpot(TM) 64-Bit Server VM (25.11-b03) for windows-amd64 JRE (1.8.0_11-b12), built on Jun 16 2014 20:57:32 by "java_re" with MS VC++ 10.0 (VS2010)

time: Sat Dec 10 15:40:11 2016
elapsed time: 4 seconds

