#
# There is insufficient memory for the Java Runtime Environment to continue.
# Native memory allocation (malloc) failed to allocate 972016 bytes for Chunk::new
# Possible reasons:
#   The system is out of physical RAM or swap space
#   In 32 bit mode, the process size limit was hit
# Possible solutions:
#   Reduce memory load on the system
#   Increase physical memory or swap space
#   Check if swap backing store is full
#   Use 64 bit Java on a 64 bit OS
#   Decrease Java heap size (-Xmx/-Xms)
#   Decrease number of Java threads
#   Decrease Java thread stack sizes (-Xss)
#   Set larger code cache with -XX:ReservedCodeCacheSize=
# This output file may be truncated or incomplete.
#
#  Out of Memory Error (allocation.cpp:388), pid=5220, tid=8700
#
# JRE version: Java(TM) SE Runtime Environment (8.0_11-b12) (build 1.8.0_11-b12)
# Java VM: Java HotSpot(TM) 64-Bit Server VM (25.11-b03 mixed mode windows-amd64 compressed oops)
# Failed to write core dump. Minidumps are not enabled by default on client versions of Windows
#

---------------  T H R E A D  ---------------

Current thread (0x000000001545c000):  JavaThread "C2 CompilerThread0" daemon [_thread_in_native, id=8700, stack(0x00000000169b0000,0x0000000016ab0000)]

Stack: [0x00000000169b0000,0x0000000016ab0000]
[error occurred during error reporting (printing stack bounds), id 0xc0000005]

Native frames: (J=compiled Java code, j=interpreted, Vv=VM code, C=native code)
V  [jvm.dll+0x308eca]
V  [jvm.dll+0x25e121]
V  [jvm.dll+0x25ed33]
V  [jvm.dll+0x277366]
V  [jvm.dll+0x27aea3]
V  [jvm.dll+0x59682f]
C  [msvcr100.dll+0x712e3]
V  [jvm.dll+0x595f4d]
C  [ntdll.dll+0xa992d]
C  [ntdll.dll+0x486d3]
C  [ntdll.dll+0xa8a4a]
V  [jvm.dll+0x1fdfe1]


Current CompileTask:
C2:   8087 1688       4       com.android.dx.rop.code.LocalVariableExtractor::processBlock (327 bytes)


---------------  P R O C E S S  ---------------

Java Threads: ( => current thread )
  0x0000000017007800 JavaThread "pool-1-thread-1" [_thread_in_Java, id=5136, stack(0x000000001a090000,0x000000001a190000)]
  0x00000000154be000 JavaThread "Service Thread" daemon [_thread_blocked, id=8276, stack(0x00000000170b0000,0x00000000171b0000)]
  0x00000000154b9000 JavaThread "C1 CompilerThread2" daemon [_thread_blocked, id=7076, stack(0x0000000016bb0000,0x0000000016cb0000)]
  0x00000000154b6000 JavaThread "C2 CompilerThread1" daemon [_thread_in_native, id=5884, stack(0x0000000016ab0000,0x0000000016bb0000)]
=>0x000000001545c000 JavaThread "C2 CompilerThread0" daemon [_thread_in_native, id=8700, stack(0x00000000169b0000,0x0000000016ab0000)]
  0x000000001545a800 JavaThread "Attach Listener" daemon [_thread_blocked, id=2792, stack(0x00000000168b0000,0x00000000169b0000)]
  0x0000000015459800 JavaThread "Signal Dispatcher" daemon [_thread_blocked, id=8236, stack(0x00000000167b0000,0x00000000168b0000)]
  0x0000000002d7e000 JavaThread "Finalizer" daemon [_thread_blocked, id=1464, stack(0x00000000166b0000,0x00000000167b0000)]
  0x0000000002d78800 JavaThread "Reference Handler" daemon [_thread_blocked, id=7084, stack(0x00000000165b0000,0x00000000166b0000)]
  0x0000000002c90800 JavaThread "main" [_thread_blocked, id=9004, stack(0x0000000002b90000,0x0000000002c90000)]

Other Threads:
  0x0000000015425800 VMThread [stack: 0x00000000164b0000,0x00000000165b0000] [id=2776]
  0x0000000016cb4000 WatcherThread [stack: 0x00000000171b0000,0x00000000172b0000] [id=564]

VM state:not at safepoint (normal execution)

VM Mutex/Monitor currently owned by a thread: None

Heap:
 PSYoungGen      total 21504K, used 6979K [0x00000000eab00000, 0x00000000ecc00000, 0x0000000100000000)
  eden space 17408K, 24% used [0x00000000eab00000,0x00000000eaf38dc8,0x00000000ebc00000)
  from space 4096K, 64% used [0x00000000ebc00000,0x00000000ebe98000,0x00000000ec000000)
  to   space 4608K, 0% used [0x00000000ec780000,0x00000000ec780000,0x00000000ecc00000)
 ParOldGen       total 64000K, used 19098K [0x00000000c0000000, 0x00000000c3e80000, 0x00000000eab00000)
  object space 64000K, 29% used [0x00000000c0000000,0x00000000c12a6860,0x00000000c3e80000)
 Metaspace       used 6181K, capacity 7088K, committed 7296K, reserved 1056768K
  class space    used 612K, capacity 616K, committed 640K, reserved 1048576K

Card table byte_map: [0x0000000012150000,0x0000000012360000] byte_map_base: 0x0000000011b50000

Marking Bits: (ParMarkBitMap*) 0x00000000549c12b0
 Begin Bits: [0x00000000128c0000, 0x00000000138c0000)
 End Bits:   [0x00000000138c0000, 0x00000000148c0000)

Polling page: 0x00000000029f0000

CodeCache: size=245760Kb used=7466Kb max_used=7466Kb free=238293Kb
 bounds [0x0000000002d90000, 0x00000000034e0000, 0x0000000011d90000]
 total_blobs=2196 nmethods=1930 adapters=178
 compilation: disabled (not enough contiguous free space left)

Compilation events (10 events):
Event: 7.376 Thread 0x00000000154b9000 1712   !   2       com.android.dx.cf.code.BytecodeArray::parseInstruction (2764 bytes)
Event: 7.392 Thread 0x00000000154b9000 nmethod 1712 0x000000000344b550 code [0x000000000344c400, 0x0000000003452668]
Event: 7.402 Thread 0x00000000154b9000 1713       2       com.android.dx.rop.cst.CstArray$List::set (7 bytes)
Event: 7.403 Thread 0x00000000154b9000 nmethod 1713 0x00000000034390d0 code [0x0000000003439260, 0x0000000003439688]
Event: 7.404 Thread 0x00000000154b9000 1714       2       com.android.dx.ssa.SsaBasicBlock::getLiveOutRegs (26 bytes)
Event: 7.404 Thread 0x00000000154b9000 nmethod 1714 0x0000000003438a90 code [0x0000000003438c00, 0x0000000003438f08]
Event: 7.404 Thread 0x00000000154b9000 1715       2       java.util.TreeMap::entrySet (27 bytes)
Event: 7.405 Thread 0x00000000154b9000 nmethod 1715 0x00000000034386d0 code [0x0000000003438820, 0x00000000034389f0]
Event: 7.405 Thread 0x00000000154b9000 1716       2       java.util.TreeMap$EntrySet::iterator (19 bytes)
Event: 7.405 Thread 0x00000000154b9000 nmethod 1716 0x0000000003438190 code [0x0000000003438300, 0x0000000003438570]

GC Heap History (10 events):
Event: 4.780 GC heap before
{Heap before GC invocations=10 (full 0):
 PSYoungGen      total 9216K, used 9184K [0x00000000eab00000, 0x00000000ebb80000, 0x0000000100000000)
  eden space 7168K, 100% used [0x00000000eab00000,0x00000000eb200000,0x00000000eb200000)
  from space 2048K, 98% used [0x00000000eb200000,0x00000000eb3f8018,0x00000000eb400000)
  to   space 2560K, 0% used [0x00000000eb900000,0x00000000eb900000,0x00000000ebb80000)
 ParOldGen       total 64000K, used 1966K [0x00000000c0000000, 0x00000000c3e80000, 0x00000000eab00000)
  object space 64000K, 3% used [0x00000000c0000000,0x00000000c01ebb28,0x00000000c3e80000)
 Metaspace       used 5763K, capacity 6768K, committed 7040K, reserved 1056768K
  class space    used 593K, capacity 616K, committed 640K, reserved 1048576K
Event: 4.793 GC heap after
Heap after GC invocations=10 (full 0):
 PSYoungGen      total 13824K, used 2400K [0x00000000eab00000, 0x00000000ebc80000, 0x0000000100000000)
  eden space 11264K, 0% used [0x00000000eab00000,0x00000000eab00000,0x00000000eb600000)
  from space 2560K, 93% used [0x00000000eb900000,0x00000000ebb58010,0x00000000ebb80000)
  to   space 3072K, 0% used [0x00000000eb600000,0x00000000eb600000,0x00000000eb900000)
 ParOldGen       total 64000K, used 2823K [0x00000000c0000000, 0x00000000c3e80000, 0x00000000eab00000)
  object space 64000K, 4% used [0x00000000c0000000,0x00000000c02c1ef8,0x00000000c3e80000)
 Metaspace       used 5763K, capacity 6768K, committed 7040K, reserved 1056768K
  class space    used 593K, capacity 616K, committed 640K, reserved 1048576K
}
Event: 5.467 GC heap before
{Heap before GC invocations=11 (full 0):
 PSYoungGen      total 13824K, used 13664K [0x00000000eab00000, 0x00000000ebc80000, 0x0000000100000000)
  eden space 11264K, 100% used [0x00000000eab00000,0x00000000eb600000,0x00000000eb600000)
  from space 2560K, 93% used [0x00000000eb900000,0x00000000ebb58010,0x00000000ebb80000)
  to   space 3072K, 0% used [0x00000000eb600000,0x00000000eb600000,0x00000000eb900000)
 ParOldGen       total 64000K, used 2823K [0x00000000c0000000, 0x00000000c3e80000, 0x00000000eab00000)
  object space 64000K, 4% used [0x00000000c0000000,0x00000000c02c1ef8,0x00000000c3e80000)
 Metaspace       used 5840K, capacity 6832K, committed 7040K, reserved 1056768K
  class space    used 593K, capacity 616K, committed 640K, reserved 1048576K
Event: 5.489 GC heap after
Heap after GC invocations=11 (full 0):
 PSYoungGen      total 14336K, used 2174K [0x00000000eab00000, 0x00000000ec300000, 0x0000000100000000)
  eden space 11264K, 0% used [0x00000000eab00000,0x00000000eab00000,0x00000000eb600000)
  from space 3072K, 70% used [0x00000000eb600000,0x00000000eb81f990,0x00000000eb900000)
  to   space 3072K, 0% used [0x00000000ec000000,0x00000000ec000000,0x00000000ec300000)
 ParOldGen       total 64000K, used 5033K [0x00000000c0000000, 0x00000000c3e80000, 0x00000000eab00000)
  object space 64000K, 7% used [0x00000000c0000000,0x00000000c04ea410,0x00000000c3e80000)
 Metaspace       used 5840K, capacity 6832K, committed 7040K, reserved 1056768K
  class space    used 593K, capacity 616K, committed 640K, reserved 1048576K
}
Event: 5.730 GC heap before
{Heap before GC invocations=12 (full 0):
 PSYoungGen      total 14336K, used 13438K [0x00000000eab00000, 0x00000000ec300000, 0x0000000100000000)
  eden space 11264K, 100% used [0x00000000eab00000,0x00000000eb600000,0x00000000eb600000)
  from space 3072K, 70% used [0x00000000eb600000,0x00000000eb81f990,0x00000000eb900000)
  to   space 3072K, 0% used [0x00000000ec000000,0x00000000ec000000,0x00000000ec300000)
 ParOldGen       total 64000K, used 5033K [0x00000000c0000000, 0x00000000c3e80000, 0x00000000eab00000)
  object space 64000K, 7% used [0x00000000c0000000,0x00000000c04ea410,0x00000000c3e80000)
 Metaspace       used 5868K, capacity 6896K, committed 7040K, reserved 1056768K
  class space    used 593K, capacity 616K, committed 640K, reserved 1048576K
Event: 5.795 GC heap after
Heap after GC invocations=12 (full 0):
 PSYoungGen      total 20992K, used 2016K [0x00000000eab00000, 0x00000000ec400000, 0x0000000100000000)
  eden space 17920K, 0% used [0x00000000eab00000,0x00000000eab00000,0x00000000ebc80000)
  from space 3072K, 65% used [0x00000000ec000000,0x00000000ec1f8000,0x00000000ec300000)
  to   space 3584K, 0% used [0x00000000ebc80000,0x00000000ebc80000,0x00000000ec000000)
 ParOldGen       total 64000K, used 6961K [0x00000000c0000000, 0x00000000c3e80000, 0x00000000eab00000)
  object space 64000K, 10% used [0x00000000c0000000,0x00000000c06cc710,0x00000000c3e80000)
 Metaspace       used 5868K, capacity 6896K, committed 7040K, reserved 1056768K
  class space    used 593K, capacity 616K, committed 640K, reserved 1048576K
}
Event: 6.509 GC heap before
{Heap before GC invocations=13 (full 0):
 PSYoungGen      total 20992K, used 19936K [0x00000000eab00000, 0x00000000ec400000, 0x0000000100000000)
  eden space 17920K, 100% used [0x00000000eab00000,0x00000000ebc80000,0x00000000ebc80000)
  from space 3072K, 65% used [0x00000000ec000000,0x00000000ec1f8000,0x00000000ec300000)
  to   space 3584K, 0% used [0x00000000ebc80000,0x00000000ebc80000,0x00000000ec000000)
 ParOldGen       total 64000K, used 6961K [0x00000000c0000000, 0x00000000c3e80000, 0x00000000eab00000)
  object space 64000K, 10% used [0x00000000c0000000,0x00000000c06cc710,0x00000000c3e80000)
 Metaspace       used 5929K, capacity 6896K, committed 7040K, reserved 1056768K
  class space    used 595K, capacity 616K, committed 640K, reserved 1048576K
Event: 6.644 GC heap after
Heap after GC invocations=13 (full 0):
 PSYoungGen      total 21504K, used 2848K [0x00000000eab00000, 0x00000000ec400000, 0x0000000100000000)
  eden space 17920K, 0% used [0x00000000eab00000,0x00000000eab00000,0x00000000ebc80000)
  from space 3584K, 79% used [0x00000000ebc80000,0x00000000ebf48010,0x00000000ec000000)
  to   space 3072K, 0% used [0x00000000ec000000,0x00000000ec000000,0x00000000ec300000)
 ParOldGen       total 64000K, used 8697K [0x00000000c0000000, 0x00000000c3e80000, 0x00000000eab00000)
  object space 64000K, 13% used [0x00000000c0000000,0x00000000c087e7e0,0x00000000c3e80000)
 Metaspace       used 5929K, capacity 6896K, committed 7040K, reserved 1056768K
  class space    used 595K, capacity 616K, committed 640K, reserved 1048576K
}
Event: 7.297 GC heap before
{Heap before GC invocations=14 (full 0):
 PSYoungGen      total 21504K, used 20768K [0x00000000eab00000, 0x00000000ec400000, 0x0000000100000000)
  eden space 17920K, 100% used [0x00000000eab00000,0x00000000ebc80000,0x00000000ebc80000)
  from space 3584K, 79% used [0x00000000ebc80000,0x00000000ebf48010,0x00000000ec000000)
  to   space 3072K, 0% used [0x00000000ec000000,0x00000000ec000000,0x00000000ec300000)
 ParOldGen       total 64000K, used 8697K [0x00000000c0000000, 0x00000000c3e80000, 0x00000000eab00000)
  object space 64000K, 13% used [0x00000000c0000000,0x00000000c087e7e0,0x00000000c3e80000)
 Metaspace       used 5957K, capacity 6960K, committed 7040K, reserved 1056768K
  class space    used 595K, capacity 616K, committed 640K, reserved 1048576K
Event: 7.316 GC heap after
Heap after GC invocations=14 (full 0):
 PSYoungGen      total 20480K, used 2800K [0x00000000eab00000, 0x00000000ecf00000, 0x0000000100000000)
  eden space 17408K, 0% used [0x00000000eab00000,0x00000000eab00000,0x00000000ebc00000)
  from space 3072K, 91% used [0x00000000ec000000,0x00000000ec2bc010,0x00000000ec300000)
  to   space 4096K, 0% used [0x00000000ebc00000,0x00000000ebc00000,0x00000000ec000000)
 ParOldGen       total 64000K, used 11295K [0x00000000c0000000, 0x00000000c3e80000, 0x00000000eab00000)
  object space 64000K, 17% used [0x00000000c0000000,0x00000000c0b07f70,0x00000000c3e80000)
 Metaspace       used 5957K, capacity 6960K, committed 7040K, reserved 1056768K
  class space    used 595K, capacity 616K, committed 640K, reserved 1048576K
}

Deoptimization events (10 events):
Event: 5.823 Thread 0x0000000016fe1800 Uncommon trap: reason=bimorphic action=maybe_recompile pc=0x0000000002fcd010 method=java.util.HashMap.getNode(ILjava/lang/Object;)Ljava/util/HashMap$Node; @ 126
Event: 5.823 Thread 0x0000000016fe1800 Uncommon trap: reason=bimorphic action=maybe_recompile pc=0x0000000002fcd010 method=java.util.HashMap.getNode(ILjava/lang/Object;)Ljava/util/HashMap$Node; @ 126
Event: 5.823 Thread 0x0000000016fe1800 Uncommon trap: reason=bimorphic action=maybe_recompile pc=0x0000000002fcd010 method=java.util.HashMap.getNode(ILjava/lang/Object;)Ljava/util/HashMap$Node; @ 126
Event: 6.170 Thread 0x0000000017007800 Uncommon trap: reason=bimorphic action=maybe_recompile pc=0x0000000003362d88 method=java.util.HashMap.putVal(ILjava/lang/Object;Ljava/lang/Object;ZZ)Ljava/lang/Object; @ 203
Event: 6.170 Thread 0x0000000017007800 Uncommon trap: reason=bimorphic action=maybe_recompile pc=0x0000000003362d88 method=java.util.HashMap.putVal(ILjava/lang/Object;Ljava/lang/Object;ZZ)Ljava/lang/Object; @ 203
Event: 6.658 Thread 0x0000000002c90800 Uncommon trap: reason=bimorphic action=maybe_recompile pc=0x000000000337eba0 method=com.android.dx.cf.code.BytecodeArray.parseInstruction(ILcom/android/dx/cf/code/BytecodeArray$Visitor;)I @ 939
Event: 6.658 Thread 0x0000000002c90800 Uncommon trap: reason=bimorphic action=maybe_recompile pc=0x000000000337eba0 method=com.android.dx.cf.code.BytecodeArray.parseInstruction(ILcom/android/dx/cf/code/BytecodeArray$Visitor;)I @ 939
Event: 6.907 Thread 0x0000000017083800 Uncommon trap: reason=null_check action=make_not_entrant pc=0x000000000305a0b8 method=com.android.dx.ssa.SsaRenamer.getLocalForNewReg(I)Lcom/android/dx/rop/code/LocalItem; @ 19
Event: 7.044 Thread 0x0000000002c90800 Uncommon trap: reason=unloaded action=reinterpret pc=0x00000000033d24f0 method=com.android.dx.cf.cst.ConstantPoolParser.parse0(ILjava/util/BitSet;)Lcom/android/dx/rop/cst/Constant; @ 220
Event: 7.374 Thread 0x0000000016fe1800 Uncommon trap: reason=uninitialized action=reinterpret pc=0x000000000343cb10 method=com.android.dx.cf.code.BytecodeArray.parseInstruction(ILcom/android/dx/cf/code/BytecodeArray$Visitor;)I @ 1095

Internal exceptions (10 events):
Event: 4.150 Thread 0x0000000017083800 Exception <a 'java/security/PrivilegedActionException'> (0x00000000eab95728) thrown at [C:\re\workspace\8-2-build-windows-amd64-cygwin\jdk8u11\648\hotspot\src\share\vm\prims\jvm.cpp, line 1248]
Event: 4.151 Thread 0x0000000017083800 Exception <a 'java/security/PrivilegedActionException'> (0x00000000eaba4a00) thrown at [C:\re\workspace\8-2-build-windows-amd64-cygwin\jdk8u11\648\hotspot\src\share\vm\prims\jvm.cpp, line 1248]
Event: 4.151 Thread 0x0000000017083800 Exception <a 'java/security/PrivilegedActionException'> (0x00000000eabaa3e0) thrown at [C:\re\workspace\8-2-build-windows-amd64-cygwin\jdk8u11\648\hotspot\src\share\vm\prims\jvm.cpp, line 1248]
Event: 4.168 Thread 0x0000000017083800 Exception <a 'java/security/PrivilegedActionException'> (0x00000000eac40dc0) thrown at [C:\re\workspace\8-2-build-windows-amd64-cygwin\jdk8u11\648\hotspot\src\share\vm\prims\jvm.cpp, line 1248]
Event: 4.526 Thread 0x0000000017083800 Exception <a 'java/security/PrivilegedActionException'> (0x00000000eb007f68) thrown at [C:\re\workspace\8-2-build-windows-amd64-cygwin\jdk8u11\648\hotspot\src\share\vm\prims\jvm.cpp, line 1248]
Event: 4.613 Thread 0x0000000002c90800 Exception <a 'java/security/PrivilegedActionException'> (0x00000000eb1047e8) thrown at [C:\re\workspace\8-2-build-windows-amd64-cygwin\jdk8u11\648\hotspot\src\share\vm\prims\jvm.cpp, line 1248]
Event: 4.672 Thread 0x0000000017007800 Exception <a 'java/security/PrivilegedActionException'> (0x00000000eab3f010) thrown at [C:\re\workspace\8-2-build-windows-amd64-cygwin\jdk8u11\648\hotspot\src\share\vm\prims\jvm.cpp, line 1248]
Event: 4.865 Thread 0x0000000017084800 Implicit null exception at 0x000000000306100a to 0x0000000003062e71
Event: 5.799 Thread 0x0000000017007800 Exception <a 'java/security/PrivilegedActionException'> (0x00000000eabd1268) thrown at [C:\re\workspace\8-2-build-windows-amd64-cygwin\jdk8u11\648\hotspot\src\share\vm\prims\jvm.cpp, line 1248]
Event: 6.907 Thread 0x0000000017083800 Implicit null exception at 0x0000000003057a3d to 0x000000000305a095

Events (10 events):
Event: 6.907 Thread 0x0000000017083800 DEOPT PACKING pc=0x000000000305a0b8 sp=0x0000000017eae8a0
Event: 6.907 Thread 0x0000000017083800 DEOPT UNPACKING pc=0x0000000002dd55af sp=0x0000000017eae738 mode 2
Event: 7.044 Thread 0x0000000002c90800 Uncommon trap: trap_request=0x000000d2 fr.pc=0x00000000033d24f0
Event: 7.044 Thread 0x0000000002c90800 DEOPT PACKING pc=0x00000000033d24f0 sp=0x0000000002c8e790
Event: 7.044 Thread 0x0000000002c90800 DEOPT UNPACKING pc=0x0000000002dd55af sp=0x0000000002c8e7b8 mode 2
Event: 7.296 Executing VM operation: ParallelGCFailedAllocation
Event: 7.316 Executing VM operation: ParallelGCFailedAllocation done
Event: 7.374 Thread 0x0000000016fe1800 Uncommon trap: trap_request=0xffffffb5 fr.pc=0x000000000343cb10
Event: 7.374 Thread 0x0000000016fe1800 DEOPT PACKING pc=0x000000000343cb10 sp=0x0000000017baee30
Event: 7.374 Thread 0x0000000016fe1800 DEOPT UNPACKING pc=0x0000000002dd55af sp=0x0000000017baedc0 mode 2


Dynamic libraries:
0x00007ff68b850000 - 0x00007ff68b884000 	C:\Program Files\Java\jdk1.8.0_11\bin\java.exe
0x00007ffd044c0000 - 0x00007ffd04691000 	C:\WINDOWS\SYSTEM32\ntdll.dll
0x00007ffd01a60000 - 0x00007ffd01b0b000 	C:\WINDOWS\System32\KERNEL32.DLL
0x00007ffd01220000 - 0x00007ffd0143d000 	C:\WINDOWS\System32\KERNELBASE.dll
0x00007ffd04410000 - 0x00007ffd044b2000 	C:\WINDOWS\System32\ADVAPI32.dll
0x00007ffd027f0000 - 0x00007ffd0288e000 	C:\WINDOWS\System32\msvcrt.dll
0x00007ffd041b0000 - 0x00007ffd04209000 	C:\WINDOWS\System32\sechost.dll
0x00007ffd042e0000 - 0x00007ffd04401000 	C:\WINDOWS\System32\RPCRT4.dll
0x00007ffd04040000 - 0x00007ffd041a5000 	C:\WINDOWS\System32\USER32.dll
0x00007ffd014f0000 - 0x00007ffd0150e000 	C:\WINDOWS\System32\win32u.dll
0x00007ffd022c0000 - 0x00007ffd022f4000 	C:\WINDOWS\System32\GDI32.dll
0x00007ffd01090000 - 0x00007ffd01212000 	C:\WINDOWS\System32\gdi32full.dll
0x00007ffcf7400000 - 0x00007ffcf7679000 	C:\WINDOWS\WinSxS\amd64_microsoft.windows.common-controls_6595b64144ccf1df_6.0.14393.447_none_42191651c6827bb3\COMCTL32.dll
0x00007ffd01bc0000 - 0x00007ffd01e87000 	C:\WINDOWS\System32\combase.dll
0x00007ffd01630000 - 0x00007ffd01725000 	C:\WINDOWS\System32\ucrtbase.dll
0x00007ffd015c0000 - 0x00007ffd0162a000 	C:\WINDOWS\System32\bcryptPrimitives.dll
0x00007ffd027c0000 - 0x00007ffd027ee000 	C:\WINDOWS\System32\IMM32.DLL
0x0000000053af0000 - 0x0000000053bc2000 	C:\Program Files\Java\jdk1.8.0_11\jre\bin\msvcr100.dll
0x0000000054210000 - 0x0000000054a3a000 	C:\Program Files\Java\jdk1.8.0_11\jre\bin\server\jvm.dll
0x00007ffd01bb0000 - 0x00007ffd01bb8000 	C:\WINDOWS\System32\PSAPI.DLL
0x00007ffcf1e40000 - 0x00007ffcf1e49000 	C:\WINDOWS\SYSTEM32\WSOCK32.dll
0x00007ffd023c0000 - 0x00007ffd0242a000 	C:\WINDOWS\System32\WS2_32.dll
0x00007ffcfecd0000 - 0x00007ffcfecf3000 	C:\WINDOWS\SYSTEM32\WINMM.dll
0x00007ffcfec70000 - 0x00007ffcfec9b000 	C:\WINDOWS\SYSTEM32\WINMMBASE.dll
0x00007ffd017d0000 - 0x00007ffd01812000 	C:\WINDOWS\System32\cfgmgr32.dll
0x0000000054f50000 - 0x0000000054f5f000 	C:\Program Files\Java\jdk1.8.0_11\jre\bin\verify.dll
0x0000000054100000 - 0x0000000054128000 	C:\Program Files\Java\jdk1.8.0_11\jre\bin\java.dll
0x00000000540e0000 - 0x00000000540f6000 	C:\Program Files\Java\jdk1.8.0_11\jre\bin\zip.dll
0x00007ffd02890000 - 0x00007ffd03d99000 	C:\WINDOWS\System32\SHELL32.dll
0x00007ffd009b0000 - 0x00007ffd0108a000 	C:\WINDOWS\System32\windows.storage.dll
0x00007ffd00950000 - 0x00007ffd0099c000 	C:\WINDOWS\System32\powrprof.dll
0x00007ffd02300000 - 0x00007ffd02352000 	C:\WINDOWS\System32\shlwapi.dll
0x00007ffd00920000 - 0x00007ffd0092f000 	C:\WINDOWS\System32\kernel.appcore.dll
0x00007ffd01440000 - 0x00007ffd014e9000 	C:\WINDOWS\System32\shcore.dll
0x00007ffd00930000 - 0x00007ffd00944000 	C:\WINDOWS\System32\profapi.dll
0x00007ffcf3530000 - 0x00007ffcf36c2000 	C:\WINDOWS\SYSTEM32\dbghelp.dll

VM Arguments:
jvm_args: -Djava.awt.headless=true -Xmx1024M -Dfile.encoding=windows-1252 -Duser.country=US -Duser.language=en -Duser.variant 
java_command: com.android.dx.command.Main --dex --force-jumbo --num-threads=4 --multi-dex --output C:\Users\Rido\Downloads\Compressed\FirebaseAuth\app\build\intermediates\transforms\dex\debug\folders\1000\10\com.android.support-design-23.4.0_dc482a0db874c74804677ede6a668dc19656ec86 C:\Users\Rido\Downloads\Compressed\FirebaseAuth\app\build\intermediates\exploded-aar\com.android.support\design\23.4.0\jars\classes.jar
java_class_path (initial): C:\Users\Rido\AppData\Local\Android\sdk\build-tools\23.0.3\lib\dx.jar
Launcher Type: SUN_STANDARD

Environment Variables:
PATH=C:\WINDOWS\system32;C:\WINDOWS;C:\WINDOWS\System32\Wbem;C:\WINDOWS\System32\WindowsPowerShell\v1.0\;C:\Program Files\Java\jdk1.8.0_11\bin;C:\xampp\php;C:\Program Files (x86)\Microsoft SQL Server\100\Tools\Binn\;C:\Program Files\Microsoft SQL Server\100\Tools\Binn\;C:\Program Files\Microsoft SQL Server\100\DTS\Binn\;C:\Program Files (x86)\Microsoft SQL Server\100\Tools\Binn\VSShell\Common7\IDE\;C:\Program Files (x86)\Microsoft SQL Server\100\DTS\Binn\;C:\OpenSSL-Win64\bin\openssl.cfg;C:\Program Files (x86)\GNU\GnuPG\pub;C:\Program Files\Git\cmd;C:\WINDOWS\system32;C:\WINDOWS;C:\WINDOWS\System32\Wbem;C:\WINDOWS\System32\WindowsPowerShell\v1.0\;C:\Program Files\Java\jdk1.8.0_11\bin;C:\Users\Rido\AppData\Local\Microsoft\WindowsApps;
USERNAME=1312100999
OS=Windows_NT
PROCESSOR_IDENTIFIER=Intel64 Family 6 Model 58 Stepping 9, GenuineIntel



---------------  S Y S T E M  ---------------

OS: Windows 8.1 , 64 bit Build 9600 

CPU:total 4 (2 cores per cpu, 2 threads per core) family 6 model 58 stepping 9, cmov, cx8, fxsr, mmx, sse, sse2, sse3, ssse3, sse4.1, sse4.2, popcnt, avx, clmul, erms, ht, tsc, tscinvbit

Memory: 4k page, physical 4089620k(615628k free), swap 5531412k(447312k free)

vm_info: Java HotSpot(TM) 64-Bit Server VM (25.11-b03) for windows-amd64 JRE (1.8.0_11-b12), built on Jun 16 2014 20:57:32 by "java_re" with MS VC++ 10.0 (VS2010)

time: Sat Dec 10 15:40:11 2016
elapsed time: 8 seconds

