#
# There is insufficient memory for the Java Runtime Environment to continue.
# Native memory allocation (malloc) failed to allocate 32744 bytes for ChunkPool::allocate
# Possible reasons:
#   The system is out of physical RAM or swap space
#   In 32 bit mode, the process size limit was hit
# Possible solutions:
#   Reduce memory load on the system
#   Increase physical memory or swap space
#   Check if swap backing store is full
#   Use 64 bit Java on a 64 bit OS
#   Decrease Java heap size (-Xmx/-Xms)
#   Decrease number of Java threads
#   Decrease Java thread stack sizes (-Xss)
#   Set larger code cache with -XX:ReservedCodeCacheSize=
# This output file may be truncated or incomplete.
#
#  Out of Memory Error (allocation.cpp:271), pid=3360, tid=7984
#
# JRE version: Java(TM) SE Runtime Environment (8.0_11-b12) (build 1.8.0_11-b12)
# Java VM: Java HotSpot(TM) 64-Bit Server VM (25.11-b03 mixed mode windows-amd64 compressed oops)
# Failed to write core dump. Minidumps are not enabled by default on client versions of Windows
#

---------------  T H R E A D  ---------------

Current thread (0x0000000014d0c000):  JavaThread "C2 CompilerThread0" daemon [_thread_in_native, id=7984, stack(0x0000000016260000,0x0000000016360000)]

Stack: [0x0000000016260000,0x0000000016360000]
Native frames: (J=compiled Java code, j=interpreted, Vv=VM code, C=native code)
V  [jvm.dll+0x308eca]


Current CompileTask:
C2:   8349 1951       4       com.android.dx.ssa.SCCP::simulatePhi (169 bytes)


---------------  P R O C E S S  ---------------

Java Threads: ( => current thread )
  0x000000001689b800 JavaThread "pool-2-thread-4" [_thread_blocked, id=9016, stack(0x0000000017760000,0x0000000017860000)]
  0x00000000167dc800 JavaThread "pool-2-thread-3" [_thread_in_Java, id=212, stack(0x0000000017660000,0x0000000017760000)]
  0x00000000167db800 JavaThread "pool-2-thread-2" [_thread_in_vm, id=5984, stack(0x0000000017560000,0x0000000017660000)]
  0x00000000167ee000 JavaThread "pool-3-thread-1" [_thread_blocked, id=484, stack(0x0000000017460000,0x0000000017560000)]
  0x00000000167ed000 JavaThread "pool-2-thread-1" [_thread_in_Java, id=9000, stack(0x0000000017360000,0x0000000017460000)]
  0x0000000014d6e800 JavaThread "Service Thread" daemon [_thread_blocked, id=2804, stack(0x0000000016960000,0x0000000016a60000)]
  0x0000000014d63000 JavaThread "C1 CompilerThread2" daemon [_thread_blocked, id=8828, stack(0x0000000016460000,0x0000000016560000)]
  0x0000000014d0f000 JavaThread "C2 CompilerThread1" daemon [_thread_in_native, id=568, stack(0x0000000016360000,0x0000000016460000)]
=>0x0000000014d0c000 JavaThread "C2 CompilerThread0" daemon [_thread_in_native, id=7984, stack(0x0000000016260000,0x0000000016360000)]
  0x0000000014d0a800 JavaThread "Attach Listener" daemon [_thread_blocked, id=6000, stack(0x0000000016160000,0x0000000016260000)]
  0x0000000014d09800 JavaThread "Signal Dispatcher" daemon [_thread_blocked, id=4652, stack(0x0000000016060000,0x0000000016160000)]
  0x000000000262e000 JavaThread "Finalizer" daemon [_thread_blocked, id=4648, stack(0x0000000015f60000,0x0000000016060000)]
  0x0000000002628800 JavaThread "Reference Handler" daemon [_thread_blocked, id=4736, stack(0x0000000015e60000,0x0000000015f60000)]
  0x0000000002540800 JavaThread "main" [_thread_blocked, id=4632, stack(0x00000000023e0000,0x00000000024e0000)]

Other Threads:
  0x0000000014cd5800 VMThread [stack: 0x0000000015d60000,0x0000000015e60000] [id=8764]
  0x0000000016566800 WatcherThread [stack: 0x0000000016a60000,0x0000000016b60000] [id=8844]

VM state:not at safepoint (normal execution)

VM Mutex/Monitor currently owned by a thread: None

Heap:
 PSYoungGen      total 102912K, used 9022K [0x00000000eab00000, 0x00000000f2100000, 0x0000000100000000)
  eden space 88064K, 10% used [0x00000000eab00000,0x00000000eb3cf8b0,0x00000000f0100000)
  from space 14848K, 0% used [0x00000000f1080000,0x00000000f1080000,0x00000000f1f00000)
  to   space 15872K, 0% used [0x00000000f0100000,0x00000000f0100000,0x00000000f1080000)
 ParOldGen       total 66560K, used 53731K [0x00000000c0000000, 0x00000000c4100000, 0x00000000eab00000)
  object space 66560K, 80% used [0x00000000c0000000,0x00000000c3478d60,0x00000000c4100000)
 Metaspace       used 6067K, capacity 7024K, committed 7296K, reserved 1056768K
  class space    used 594K, capacity 616K, committed 640K, reserved 1048576K

Card table byte_map: [0x0000000011a00000,0x0000000011c10000] byte_map_base: 0x0000000011400000

Marking Bits: (ParMarkBitMap*) 0x00000000549c12b0
 Begin Bits: [0x0000000012170000, 0x0000000013170000)
 End Bits:   [0x0000000013170000, 0x0000000014170000)

Polling page: 0x0000000000920000

CodeCache: size=245760Kb used=7382Kb max_used=7432Kb free=238377Kb
 bounds [0x0000000002640000, 0x0000000002d90000, 0x0000000011640000]
 total_blobs=2206 nmethods=1942 adapters=177
 compilation: enabled

Compilation events (10 events):
Event: 4.669 Thread 0x0000000014d63000 1999       2       com.android.dx.cf.code.SwitchList::removeSuperfluousDefaults (149 bytes)
Event: 4.670 Thread 0x0000000014d63000 nmethod 1999 0x0000000002d5edd0 code [0x0000000002d5efc0, 0x0000000002d5f4b8]
Event: 4.670 Thread 0x0000000014d63000 2000       2       com.android.dx.cf.code.SwitchList::setImmutable (19 bytes)
Event: 4.670 Thread 0x0000000014d63000 nmethod 2000 0x0000000002d5f910 code [0x0000000002d5fa60, 0x0000000002d5fbd0]
Event: 4.678 Thread 0x0000000014d63000 2002       2       java.lang.Integer::bitCount (49 bytes)
Event: 4.679 Thread 0x0000000014d63000 nmethod 2002 0x0000000002d5fc90 code [0x0000000002d5fde0, 0x0000000002d5ff50]
Event: 4.687 Thread 0x0000000014d63000 2005       1       com.android.dx.rop.cst.CstLong::getType (4 bytes)
Event: 4.687 Thread 0x0000000014d63000 nmethod 2005 0x0000000002d5ffd0 code [0x0000000002d60120, 0x0000000002d60230]
Event: 4.730 Thread 0x0000000014d0c000 nmethod 1886 0x0000000002d6d590 code [0x0000000002d6e080, 0x0000000002d7a330]
Event: 4.731 Thread 0x0000000014d0c000 1951       4       com.android.dx.ssa.SCCP::simulatePhi (169 bytes)

GC Heap History (10 events):
Event: 3.404 GC heap before
{Heap before GC invocations=17 (full 0):
 PSYoungGen      total 51200K, used 51171K [0x00000000eab00000, 0x00000000eeb80000, 0x0000000100000000)
  eden space 45568K, 100% used [0x00000000eab00000,0x00000000ed780000,0x00000000ed780000)
  from space 5632K, 99% used [0x00000000ee000000,0x00000000ee578dc0,0x00000000ee580000)
  to   space 8704K, 0% used [0x00000000ed780000,0x00000000ed780000,0x00000000ee000000)
 ParOldGen       total 64000K, used 19458K [0x00000000c0000000, 0x00000000c3e80000, 0x00000000eab00000)
  object space 64000K, 30% used [0x00000000c0000000,0x00000000c1300980,0x00000000c3e80000)
 Metaspace       used 6003K, capacity 6960K, committed 7040K, reserved 1056768K
  class space    used 594K, capacity 616K, committed 640K, reserved 1048576K
Event: 3.429 GC heap after
Heap after GC invocations=17 (full 0):
 PSYoungGen      total 54272K, used 8702K [0x00000000eab00000, 0x00000000f0380000, 0x0000000100000000)
  eden space 45568K, 0% used [0x00000000eab00000,0x00000000eab00000,0x00000000ed780000)
  from space 8704K, 99% used [0x00000000ed780000,0x00000000edfff838,0x00000000ee000000)
  to   space 13312K, 0% used [0x00000000ef680000,0x00000000ef680000,0x00000000f0380000)
 ParOldGen       total 64000K, used 26886K [0x00000000c0000000, 0x00000000c3e80000, 0x00000000eab00000)
  object space 64000K, 42% used [0x00000000c0000000,0x00000000c1a41948,0x00000000c3e80000)
 Metaspace       used 6003K, capacity 6960K, committed 7040K, reserved 1056768K
  class space    used 594K, capacity 616K, committed 640K, reserved 1048576K
}
Event: 3.838 GC heap before
{Heap before GC invocations=18 (full 0):
 PSYoungGen      total 54272K, used 54270K [0x00000000eab00000, 0x00000000f0380000, 0x0000000100000000)
  eden space 45568K, 100% used [0x00000000eab00000,0x00000000ed780000,0x00000000ed780000)
  from space 8704K, 99% used [0x00000000ed780000,0x00000000edfff838,0x00000000ee000000)
  to   space 13312K, 0% used [0x00000000ef680000,0x00000000ef680000,0x00000000f0380000)
 ParOldGen       total 64000K, used 26886K [0x00000000c0000000, 0x00000000c3e80000, 0x00000000eab00000)
  object space 64000K, 42% used [0x00000000c0000000,0x00000000c1a41948,0x00000000c3e80000)
 Metaspace       used 6039K, capacity 6960K, committed 7040K, reserved 1056768K
  class space    used 594K, capacity 616K, committed 640K, reserved 1048576K
Event: 3.909 GC heap after
Heap after GC invocations=18 (full 0):
 PSYoungGen      total 76800K, used 9002K [0x00000000eab00000, 0x00000000f0480000, 0x0000000100000000)
  eden space 63488K, 0% used [0x00000000eab00000,0x00000000eab00000,0x00000000ee900000)
  from space 13312K, 67% used [0x00000000ef680000,0x00000000eff4a890,0x00000000f0380000)
  to   space 13824K, 0% used [0x00000000ee900000,0x00000000ee900000,0x00000000ef680000)
 ParOldGen       total 64000K, used 34803K [0x00000000c0000000, 0x00000000c3e80000, 0x00000000eab00000)
  object space 64000K, 54% used [0x00000000c0000000,0x00000000c21fceb8,0x00000000c3e80000)
 Metaspace       used 6039K, capacity 6960K, committed 7040K, reserved 1056768K
  class space    used 594K, capacity 616K, committed 640K, reserved 1048576K
}
Event: 4.206 GC heap before
{Heap before GC invocations=19 (full 0):
 PSYoungGen      total 76800K, used 72490K [0x00000000eab00000, 0x00000000f0480000, 0x0000000100000000)
  eden space 63488K, 100% used [0x00000000eab00000,0x00000000ee900000,0x00000000ee900000)
  from space 13312K, 67% used [0x00000000ef680000,0x00000000eff4a890,0x00000000f0380000)
  to   space 13824K, 0% used [0x00000000ee900000,0x00000000ee900000,0x00000000ef680000)
 ParOldGen       total 64000K, used 34803K [0x00000000c0000000, 0x00000000c3e80000, 0x00000000eab00000)
  object space 64000K, 54% used [0x00000000c0000000,0x00000000c21fceb8,0x00000000c3e80000)
 Metaspace       used 6060K, capacity 7024K, committed 7296K, reserved 1056768K
  class space    used 594K, capacity 616K, committed 640K, reserved 1048576K
Event: 4.263 GC heap after
Heap after GC invocations=19 (full 0):
 PSYoungGen      total 77312K, used 10080K [0x00000000eab00000, 0x00000000f1f00000, 0x0000000100000000)
  eden space 63488K, 0% used [0x00000000eab00000,0x00000000eab00000,0x00000000ee900000)
  from space 13824K, 72% used [0x00000000ee900000,0x00000000ef2d8020,0x00000000ef680000)
  to   space 14848K, 0% used [0x00000000f1080000,0x00000000f1080000,0x00000000f1f00000)
 ParOldGen       total 64000K, used 43146K [0x00000000c0000000, 0x00000000c3e80000, 0x00000000eab00000)
  object space 64000K, 67% used [0x00000000c0000000,0x00000000c2a22898,0x00000000c3e80000)
 Metaspace       used 6060K, capacity 7024K, committed 7296K, reserved 1056768K
  class space    used 594K, capacity 616K, committed 640K, reserved 1048576K
}
Event: 4.756 GC heap before
{Heap before GC invocations=20 (full 0):
 PSYoungGen      total 77312K, used 73568K [0x00000000eab00000, 0x00000000f1f00000, 0x0000000100000000)
  eden space 63488K, 100% used [0x00000000eab00000,0x00000000ee900000,0x00000000ee900000)
  from space 13824K, 72% used [0x00000000ee900000,0x00000000ef2d8020,0x00000000ef680000)
  to   space 14848K, 0% used [0x00000000f1080000,0x00000000f1080000,0x00000000f1f00000)
 ParOldGen       total 64000K, used 43146K [0x00000000c0000000, 0x00000000c3e80000, 0x00000000eab00000)
  object space 64000K, 67% used [0x00000000c0000000,0x00000000c2a22898,0x00000000c3e80000)
 Metaspace       used 6066K, capacity 7024K, committed 7296K, reserved 1056768K
  class space    used 594K, capacity 616K, committed 640K, reserved 1048576K
Event: 4.888 GC heap after
Heap after GC invocations=20 (full 0):
 PSYoungGen      total 102912K, used 10496K [0x00000000eab00000, 0x00000000f2100000, 0x0000000100000000)
  eden space 88064K, 0% used [0x00000000eab00000,0x00000000eab00000,0x00000000f0100000)
  from space 14848K, 70% used [0x00000000f1080000,0x00000000f1ac0000,0x00000000f1f00000)
  to   space 15872K, 0% used [0x00000000f0100000,0x00000000f0100000,0x00000000f1080000)
 ParOldGen       total 64000K, used 52908K [0x00000000c0000000, 0x00000000c3e80000, 0x00000000eab00000)
  object space 64000K, 82% used [0x00000000c0000000,0x00000000c33ab360,0x00000000c3e80000)
 Metaspace       used 6066K, capacity 7024K, committed 7296K, reserved 1056768K
  class space    used 594K, capacity 616K, committed 640K, reserved 1048576K
}
Event: 4.888 GC heap before
{Heap before GC invocations=21 (full 1):
 PSYoungGen      total 102912K, used 10496K [0x00000000eab00000, 0x00000000f2100000, 0x0000000100000000)
  eden space 88064K, 0% used [0x00000000eab00000,0x00000000eab00000,0x00000000f0100000)
  from space 14848K, 70% used [0x00000000f1080000,0x00000000f1ac0000,0x00000000f1f00000)
  to   space 15872K, 0% used [0x00000000f0100000,0x00000000f0100000,0x00000000f1080000)
 ParOldGen       total 64000K, used 52908K [0x00000000c0000000, 0x00000000c3e80000, 0x00000000eab00000)
  object space 64000K, 82% used [0x00000000c0000000,0x00000000c33ab360,0x00000000c3e80000)
 Metaspace       used 6066K, capacity 7024K, committed 7296K, reserved 1056768K
  class space    used 594K, capacity 616K, committed 640K, reserved 1048576K
Event: 8.316 GC heap after
Heap after GC invocations=21 (full 1):
 PSYoungGen      total 102912K, used 0K [0x00000000eab00000, 0x00000000f2100000, 0x0000000100000000)
  eden space 88064K, 0% used [0x00000000eab00000,0x00000000eab00000,0x00000000f0100000)
  from space 14848K, 0% used [0x00000000f1080000,0x00000000f1080000,0x00000000f1f00000)
  to   space 15872K, 0% used [0x00000000f0100000,0x00000000f0100000,0x00000000f1080000)
 ParOldGen       total 66560K, used 53731K [0x00000000c0000000, 0x00000000c4100000, 0x00000000eab00000)
  object space 66560K, 80% used [0x00000000c0000000,0x00000000c3478d60,0x00000000c4100000)
 Metaspace       used 6066K, capacity 7024K, committed 7296K, reserved 1056768K
  class space    used 594K, capacity 616K, committed 640K, reserved 1048576K
}

Deoptimization events (10 events):
Event: 2.594 Thread 0x00000000167dc800 Uncommon trap: reason=uninitialized action=reinterpret pc=0x0000000002b9055c method=com.android.dx.cf.code.BytecodeArray.parseInstruction(ILcom/android/dx/cf/code/BytecodeArray$Visitor;)I @ 1031
Event: 2.598 Thread 0x00000000167dc800 Uncommon trap: reason=class_check action=maybe_recompile pc=0x0000000002b86770 method=java.util.HashMap.putVal(ILjava/lang/Object;Ljava/lang/Object;ZZ)Ljava/lang/Object; @ 203
Event: 2.598 Thread 0x00000000167dc800 Uncommon trap: reason=class_check action=maybe_recompile pc=0x0000000002b86770 method=java.util.HashMap.putVal(ILjava/lang/Object;Ljava/lang/Object;ZZ)Ljava/lang/Object; @ 203
Event: 2.618 Thread 0x00000000167ed000 Uncommon trap: reason=class_check action=maybe_recompile pc=0x0000000002b86770 method=java.util.HashMap.putVal(ILjava/lang/Object;Ljava/lang/Object;ZZ)Ljava/lang/Object; @ 203
Event: 2.983 Thread 0x00000000167dc800 Uncommon trap: reason=unreached action=reinterpret pc=0x0000000002c48114 method=com.android.dx.ssa.MoveParamCombiner$1.visitNonMoveInsn(Lcom/android/dx/ssa/NormalSsaInsn;)V @ 27
Event: 4.034 Thread 0x00000000167ed000 Uncommon trap: reason=bimorphic action=maybe_recompile pc=0x0000000002c86f40 method=com.android.dx.ssa.SCCP.setLatticeValueTo(IILcom/android/dx/rop/cst/Constant;)Z @ 43
Event: 4.034 Thread 0x00000000167ed000 Uncommon trap: reason=bimorphic action=maybe_recompile pc=0x0000000002c86f40 method=com.android.dx.ssa.SCCP.setLatticeValueTo(IILcom/android/dx/rop/cst/Constant;)Z @ 43
Event: 4.034 Thread 0x00000000167ed000 Uncommon trap: reason=bimorphic action=maybe_recompile pc=0x0000000002c86f40 method=com.android.dx.ssa.SCCP.setLatticeValueTo(IILcom/android/dx/rop/cst/Constant;)Z @ 43
Event: 4.034 Thread 0x00000000167ed000 Uncommon trap: reason=bimorphic action=maybe_recompile pc=0x0000000002c86f40 method=com.android.dx.ssa.SCCP.setLatticeValueTo(IILcom/android/dx/rop/cst/Constant;)Z @ 43
Event: 4.150 Thread 0x00000000167ed000 Uncommon trap: reason=class_check action=maybe_recompile pc=0x0000000002b86770 method=java.util.HashMap.putVal(ILjava/lang/Object;Ljava/lang/Object;ZZ)Ljava/lang/Object; @ 203

Internal exceptions (10 events):
Event: 0.914 Thread 0x0000000002540800 Exception <a 'java/security/PrivilegedActionException'> (0x00000000ead4d480) thrown at [C:\re\workspace\8-2-build-windows-amd64-cygwin\jdk8u11\648\hotspot\src\share\vm\prims\jvm.cpp, line 1248]
Event: 0.979 Thread 0x0000000002540800 Exception <a 'java/security/PrivilegedActionException'> (0x00000000eae3efa8) thrown at [C:\re\workspace\8-2-build-windows-amd64-cygwin\jdk8u11\648\hotspot\src\share\vm\prims\jvm.cpp, line 1248]
Event: 0.980 Thread 0x0000000002540800 Exception <a 'java/security/PrivilegedActionException'> (0x00000000eae44eb0) thrown at [C:\re\workspace\8-2-build-windows-amd64-cygwin\jdk8u11\648\hotspot\src\share\vm\prims\jvm.cpp, line 1248]
Event: 0.981 Thread 0x0000000002540800 Exception <a 'java/security/PrivilegedActionException'> (0x00000000eae4abb0) thrown at [C:\re\workspace\8-2-build-windows-amd64-cygwin\jdk8u11\648\hotspot\src\share\vm\prims\jvm.cpp, line 1248]
Event: 1.069 Thread 0x00000000167db800 Exception <a 'java/security/PrivilegedActionException'> (0x00000000eafb8e68) thrown at [C:\re\workspace\8-2-build-windows-amd64-cygwin\jdk8u11\648\hotspot\src\share\vm\prims\jvm.cpp, line 1248]
Event: 1.091 Thread 0x00000000167db800 Exception <a 'java/security/PrivilegedActionException'> (0x00000000eb00f7b0) thrown at [C:\re\workspace\8-2-build-windows-amd64-cygwin\jdk8u11\648\hotspot\src\share\vm\prims\jvm.cpp, line 1248]
Event: 1.315 Thread 0x000000001689b800 Exception <a 'java/security/PrivilegedActionException'> (0x00000000eae22ef0) thrown at [C:\re\workspace\8-2-build-windows-amd64-cygwin\jdk8u11\648\hotspot\src\share\vm\prims\jvm.cpp, line 1248]
Event: 1.942 Thread 0x000000001689b800 Implicit null exception at 0x0000000002967ba2 to 0x0000000002967c92
Event: 2.049 Thread 0x000000001689b800 Exception <a 'java/security/PrivilegedActionException'> (0x00000000eaede828) thrown at [C:\re\workspace\8-2-build-windows-amd64-cygwin\jdk8u11\648\hotspot\src\share\vm\prims\jvm.cpp, line 1248]
Event: 3.565 Thread 0x0000000002540800 Exception <a 'java/security/PrivilegedActionException'> (0x00000000eb2ca248) thrown at [C:\re\workspace\8-2-build-windows-amd64-cygwin\jdk8u11\648\hotspot\src\share\vm\prims\jvm.cpp, line 1248]

Events (10 events):
Event: 4.271 Executing VM operation: EnableBiasedLocking
Event: 4.273 Executing VM operation: EnableBiasedLocking done
Event: 4.547 Thread 0x00000000167ed000 DEOPT PACKING pc=0x0000000002b8c7ea sp=0x000000001745ebc0
Event: 4.547 Thread 0x00000000167ed000 DEOPT UNPACKING pc=0x0000000002687604 sp=0x000000001745e958 mode 0
Event: 4.581 Thread 0x00000000167ed000 DEOPT PACKING pc=0x0000000002ba25c2 sp=0x000000001745ece0
Event: 4.581 Thread 0x00000000167ed000 DEOPT UNPACKING pc=0x0000000002687604 sp=0x000000001745ea60 mode 0
Event: 4.654 Thread 0x00000000167dc800 DEOPT PACKING pc=0x0000000002955bec sp=0x000000001775e990
Event: 4.654 Thread 0x00000000167dc800 DEOPT UNPACKING pc=0x0000000002687604 sp=0x000000001775e6a8 mode 0
Event: 4.731 Executing VM operation: ParallelGCFailedAllocation
Event: 8.316 Executing VM operation: ParallelGCFailedAllocation done


Dynamic libraries:
0x00007ff68b850000 - 0x00007ff68b884000 	C:\Program Files\Java\jdk1.8.0_11\bin\java.exe
0x00007ffd044c0000 - 0x00007ffd04691000 	C:\WINDOWS\SYSTEM32\ntdll.dll
0x00007ffd01a60000 - 0x00007ffd01b0b000 	C:\WINDOWS\System32\KERNEL32.DLL
0x00007ffd01220000 - 0x00007ffd0143d000 	C:\WINDOWS\System32\KERNELBASE.dll
0x00007ffd04410000 - 0x00007ffd044b2000 	C:\WINDOWS\System32\ADVAPI32.dll
0x00007ffd027f0000 - 0x00007ffd0288e000 	C:\WINDOWS\System32\msvcrt.dll
0x00007ffd041b0000 - 0x00007ffd04209000 	C:\WINDOWS\System32\sechost.dll
0x00007ffd042e0000 - 0x00007ffd04401000 	C:\WINDOWS\System32\RPCRT4.dll
0x00007ffd04040000 - 0x00007ffd041a5000 	C:\WINDOWS\System32\USER32.dll
0x00007ffd014f0000 - 0x00007ffd0150e000 	C:\WINDOWS\System32\win32u.dll
0x00007ffd022c0000 - 0x00007ffd022f4000 	C:\WINDOWS\System32\GDI32.dll
0x00007ffd01090000 - 0x00007ffd01212000 	C:\WINDOWS\System32\gdi32full.dll
0x00007ffcf7400000 - 0x00007ffcf7679000 	C:\WINDOWS\WinSxS\amd64_microsoft.windows.common-controls_6595b64144ccf1df_6.0.14393.447_none_42191651c6827bb3\COMCTL32.dll
0x00007ffd01bc0000 - 0x00007ffd01e87000 	C:\WINDOWS\System32\combase.dll
0x00007ffd01630000 - 0x00007ffd01725000 	C:\WINDOWS\System32\ucrtbase.dll
0x00007ffd015c0000 - 0x00007ffd0162a000 	C:\WINDOWS\System32\bcryptPrimitives.dll
0x00007ffd027c0000 - 0x00007ffd027ee000 	C:\WINDOWS\System32\IMM32.DLL
0x0000000053af0000 - 0x0000000053bc2000 	C:\Program Files\Java\jdk1.8.0_11\jre\bin\msvcr100.dll
0x0000000054210000 - 0x0000000054a3a000 	C:\Program Files\Java\jdk1.8.0_11\jre\bin\server\jvm.dll
0x00007ffd01bb0000 - 0x00007ffd01bb8000 	C:\WINDOWS\System32\PSAPI.DLL
0x00007ffcf1e40000 - 0x00007ffcf1e49000 	C:\WINDOWS\SYSTEM32\WSOCK32.dll
0x00007ffd023c0000 - 0x00007ffd0242a000 	C:\WINDOWS\System32\WS2_32.dll
0x00007ffcfecd0000 - 0x00007ffcfecf3000 	C:\WINDOWS\SYSTEM32\WINMM.dll
0x00007ffcfec70000 - 0x00007ffcfec9b000 	C:\WINDOWS\SYSTEM32\WINMMBASE.dll
0x00007ffd017d0000 - 0x00007ffd01812000 	C:\WINDOWS\System32\cfgmgr32.dll
0x0000000054f50000 - 0x0000000054f5f000 	C:\Program Files\Java\jdk1.8.0_11\jre\bin\verify.dll
0x0000000054100000 - 0x0000000054128000 	C:\Program Files\Java\jdk1.8.0_11\jre\bin\java.dll
0x00000000540e0000 - 0x00000000540f6000 	C:\Program Files\Java\jdk1.8.0_11\jre\bin\zip.dll
0x00007ffd02890000 - 0x00007ffd03d99000 	C:\WINDOWS\System32\SHELL32.dll
0x00007ffd009b0000 - 0x00007ffd0108a000 	C:\WINDOWS\System32\windows.storage.dll
0x00007ffd00950000 - 0x00007ffd0099c000 	C:\WINDOWS\System32\powrprof.dll
0x00007ffd02300000 - 0x00007ffd02352000 	C:\WINDOWS\System32\shlwapi.dll
0x00007ffd00920000 - 0x00007ffd0092f000 	C:\WINDOWS\System32\kernel.appcore.dll
0x00007ffd01440000 - 0x00007ffd014e9000 	C:\WINDOWS\System32\shcore.dll
0x00007ffd00930000 - 0x00007ffd00944000 	C:\WINDOWS\System32\profapi.dll

VM Arguments:
jvm_args: -Djava.awt.headless=true -Xmx1024M -Dfile.encoding=windows-1252 -Duser.country=US -Duser.language=en -Duser.variant 
java_command: com.android.dx.command.Main --dex --force-jumbo --num-threads=4 --multi-dex --output C:\Users\Rido\Downloads\Compressed\FirebaseAuth\app\build\intermediates\transforms\dex\debug\folders\1000\10\com.google.android.gms-play-services-basement-9.0.2_ab618f3a1a70f1259ec62225dbabda938542efca C:\Users\Rido\Downloads\Compressed\FirebaseAuth\app\build\intermediates\exploded-aar\com.google.android.gms\play-services-basement\9.0.2\jars\classes.jar
java_class_path (initial): C:\Users\Rido\AppData\Local\Android\sdk\build-tools\23.0.3\lib\dx.jar
Launcher Type: SUN_STANDARD

Environment Variables:
PATH=C:\WINDOWS\system32;C:\WINDOWS;C:\WINDOWS\System32\Wbem;C:\WINDOWS\System32\WindowsPowerShell\v1.0\;C:\Program Files\Java\jdk1.8.0_11\bin;C:\xampp\php;C:\Program Files (x86)\Microsoft SQL Server\100\Tools\Binn\;C:\Program Files\Microsoft SQL Server\100\Tools\Binn\;C:\Program Files\Microsoft SQL Server\100\DTS\Binn\;C:\Program Files (x86)\Microsoft SQL Server\100\Tools\Binn\VSShell\Common7\IDE\;C:\Program Files (x86)\Microsoft SQL Server\100\DTS\Binn\;C:\OpenSSL-Win64\bin\openssl.cfg;C:\Program Files (x86)\GNU\GnuPG\pub;C:\Program Files\Git\cmd;C:\WINDOWS\system32;C:\WINDOWS;C:\WINDOWS\System32\Wbem;C:\WINDOWS\System32\WindowsPowerShell\v1.0\;C:\Program Files\Java\jdk1.8.0_11\bin;C:\Users\Rido\AppData\Local\Microsoft\WindowsApps;
USERNAME=1312100999
OS=Windows_NT
PROCESSOR_IDENTIFIER=Intel64 Family 6 Model 58 Stepping 9, GenuineIntel



---------------  S Y S T E M  ---------------

OS: Windows 8.1 , 64 bit Build 9600 

CPU:total 4 (2 cores per cpu, 2 threads per core) family 6 model 58 stepping 9, cmov, cx8, fxsr, mmx, sse, sse2, sse3, ssse3, sse4.1, sse4.2, popcnt, avx, clmul, erms, ht, tsc, tscinvbit

Memory: 4k page, physical 4089620k(404092k free), swap 5531412k(3096k free)

vm_info: Java HotSpot(TM) 64-Bit Server VM (25.11-b03) for windows-amd64 JRE (1.8.0_11-b12), built on Jun 16 2014 20:57:32 by "java_re" with MS VC++ 10.0 (VS2010)

time: Sat Dec 10 15:40:11 2016
elapsed time: 8 seconds

